<?xml version="1.0" encoding="UTF-8"?>
<!-- Generated by org.testng.reporters.JUnitReportReporter -->
<testsuite hostname="DESKTOP-5O7LOJD" failures="0" tests="1" name="tests.LoginTest" time="2.315" errors="0" timestamp="18 Oct 2024 13:10:41 GMT" skipped="0">
  <testcase classname="tests.LoginTest" name="loginTest" time="2.315"/>
</testsuite> <!-- tests.LoginTest -->
