<?xml version="1.0" encoding="UTF-8"?>
<!-- Generated by org.testng.reporters.JUnitReportReporter -->
<testsuite hostname="DESKTOP-5O7LOJD" failures="0" tests="1" name="tests.LoginTest" time="4.296" errors="0" timestamp="16 Nov 2024 15:23:21 GMT" skipped="0">
  <testcase classname="tests.LoginTest" name="loginTest" time="4.296"/>
</testsuite> <!-- tests.LoginTest -->
