<?xml version="1.0" encoding="UTF-8"?>
<!-- Generated by org.testng.reporters.JUnitReportReporter -->
<testsuite hostname="DESKTOP-5O7LOJD" failures="0" tests="1" name="tests.AddRemoveElementsTest" time="2.118" errors="0" timestamp="28 Oct 2024 15:26:34 GMT" skipped="0">
  <testcase classname="tests.AddRemoveElementsTest" name="addRemoveElementsTest" time="2.118"/>
</testsuite> <!-- tests.AddRemoveElementsTest -->
