<?xml version="1.0" encoding="UTF-8"?>
<!-- Generated by org.testng.reporters.JUnitReportReporter -->
<testsuite hostname="DESKTOP-5O7LOJD" failures="0" tests="1" name="tests.DragAndDropTest" time="6.259" errors="0" timestamp="18 Nov 2024 12:17:09 GMT" skipped="0">
  <testcase classname="tests.DragAndDropTest" name="dragAndDropTest" time="6.259"/>
</testsuite> <!-- tests.DragAndDropTest -->
