<?xml version="1.0" encoding="UTF-8"?>
<!-- Generated by org.testng.reporters.JUnitReportReporter -->
<testsuite hostname="DESKTOP-5O7LOJD" failures="0" tests="5" name="tests.KeyPressesTest" time="2.796" errors="0" timestamp="19 Nov 2024 14:37:52 GMT" skipped="0">
  <testcase classname="tests.KeyPressesTest" name="testEnterKeyPress" time="0.240"/>
  <testcase classname="tests.KeyPressesTest" name="testPredefinedSequenceOfKeyPresses" time="1.881"/>
  <testcase classname="tests.KeyPressesTest" name="testOtherPredefinedSequenceOfKeyPresses" time="0.247"/>
  <testcase classname="tests.KeyPressesTest" name="testOtherPredefinedSequenceOfKeyPresses" time="0.220"/>
  <testcase classname="tests.KeyPressesTest" name="testOtherPredefinedSequenceOfKeyPresses" time="0.208"/>
</testsuite> <!-- tests.KeyPressesTest -->
