<?xml version="1.0" encoding="UTF-8"?>
<!-- Generated by org.testng.reporters.JUnitReportReporter -->
<testsuite hostname="DESKTOP-5O7LOJD" failures="0" tests="1" name="tests.AddRemoveElementsPageTest" time="1.846" errors="0" timestamp="18 Oct 2024 13:52:32 GMT" skipped="0">
  <testcase classname="tests.AddRemoveElementsPageTest" name="addRemoveElementsPageTest" time="1.846"/>
</testsuite> <!-- tests.AddRemoveElementsPageTest -->
