<?xml version="1.0" encoding="UTF-8"?>
<!-- Generated by org.testng.reporters.JUnitReportReporter -->
<testsuite hostname="DESKTOP-5O7LOJD" failures="0" tests="1" name="tests.HoversTest" time="12.167" errors="0" timestamp="16 Nov 2024 16:22:15 GMT" skipped="0">
  <testcase classname="tests.HoversTest" name="hoverOverElemetToSeeText" time="12.167"/>
</testsuite> <!-- tests.HoversTest -->
